c:\users\c\desktop\lıme_bıtırme\lımecontrol\lımecontroldll\x64\release\lımecontroldll.pch
c:\users\c\desktop\lıme_bıtırme\lımecontrol\lımecontroldll\x64\release\vc142.pdb
c:\users\c\desktop\lıme_bıtırme\lımecontrol\lımecontroldll\x64\release\pch.obj
c:\users\c\desktop\lıme_bıtırme\lımecontrol\lımecontroldll\x64\release\dllmaın.obj
c:\users\c\desktop\lıme_bıtırme\lımecontrol\lımecontroldll\x64\release\control.obj
c:\users\c\desktop\lime_bitirme\limecontrol\x64\release\limecontroldll.lib
c:\users\c\desktop\lime_bitirme\limecontrol\x64\release\limecontroldll.exp
c:\users\c\desktop\lime_bitirme\limecontrol\x64\release\limecontroldll.ipdb
c:\users\c\desktop\lime_bitirme\limecontrol\x64\release\limecontroldll.iobj
c:\users\c\desktop\lıme_bıtırme\lımecontrol\x64\release\lımecontroldll.dll
c:\users\c\desktop\lıme_bıtırme\lımecontrol\x64\release\lımecontroldll.pdb
c:\users\c\desktop\lime_bitirme\limecontrol\limecontroldll\x64\release\control.obj
c:\users\c\desktop\lime_bitirme\limecontrol\limecontroldll\x64\release\dllmain.obj
c:\users\c\desktop\lime_bitirme\limecontrol\limecontroldll\x64\release\pch.obj
c:\users\c\desktop\lime_bitirme\limecontrol\limecontroldll\x64\release\limecontroldll.pch
c:\users\c\desktop\lime_bitirme\limecontrol\limecontroldll\x64\release\vc142.pdb
c:\users\c\desktop\lime_bitirme\limecontrol\x64\release\limecontroldll.pdb
c:\users\c\desktop\lime_bitirme\limecontrol\x64\release\limecontroldll.dll
c:\users\c\desktop\lime_bitirme\limecontrol\limecontroldll\x64\release\limecontroldll.tlog\cl.command.1.tlog
c:\users\c\desktop\lime_bitirme\limecontrol\limecontroldll\x64\release\limecontroldll.tlog\cl.read.1.tlog
c:\users\c\desktop\lime_bitirme\limecontrol\limecontroldll\x64\release\limecontroldll.tlog\cl.write.1.tlog
c:\users\c\desktop\lime_bitirme\limecontrol\limecontroldll\x64\release\limecontroldll.tlog\limecontroldll.write.1u.tlog
c:\users\c\desktop\lime_bitirme\limecontrol\limecontroldll\x64\release\limecontroldll.tlog\link.command.1.tlog
c:\users\c\desktop\lime_bitirme\limecontrol\limecontroldll\x64\release\limecontroldll.tlog\link.read.1.tlog
c:\users\c\desktop\lime_bitirme\limecontrol\limecontroldll\x64\release\limecontroldll.tlog\link.write.1.tlog
